Determining if the pthread_create exist failed with the following output:
Change Dir: /home/lyc/Desktop/nd/libsnark_sample-master/build/CMakeFiles/CMakeTmp

Run Build Command:"/usr/bin/make" "cmTC_5f080/fast"
/usr/bin/make -f CMakeFiles/cmTC_5f080.dir/build.make CMakeFiles/cmTC_5f080.dir/build
make[1]: Entering directory '/home/lyc/Desktop/nd/libsnark_sample-master/build/CMakeFiles/CMakeTmp'
Building C object CMakeFiles/cmTC_5f080.dir/CheckSymbolExists.c.o
/usr/bin/cc    -o CMakeFiles/cmTC_5f080.dir/CheckSymbolExists.c.o   -c /home/lyc/Desktop/nd/libsnark_sample-master/build/CMakeFiles/CMakeTmp/CheckSymbolExists.c
Linking C executable cmTC_5f080
/usr/local/bin/cmake -E cmake_link_script CMakeFiles/cmTC_5f080.dir/link.txt --verbose=1
/usr/bin/cc      -rdynamic CMakeFiles/cmTC_5f080.dir/CheckSymbolExists.c.o  -o cmTC_5f080 
CMakeFiles/cmTC_5f080.dir/CheckSymbolExists.c.o: In function `main':
CheckSymbolExists.c:(.text+0x16): undefined reference to `pthread_create'
collect2: error: ld returned 1 exit status
CMakeFiles/cmTC_5f080.dir/build.make:86: recipe for target 'cmTC_5f080' failed
make[1]: *** [cmTC_5f080] Error 1
make[1]: Leaving directory '/home/lyc/Desktop/nd/libsnark_sample-master/build/CMakeFiles/CMakeTmp'
Makefile:121: recipe for target 'cmTC_5f080/fast' failed
make: *** [cmTC_5f080/fast] Error 2

File /home/lyc/Desktop/nd/libsnark_sample-master/build/CMakeFiles/CMakeTmp/CheckSymbolExists.c:
/* */
#include <pthread.h>

int main(int argc, char** argv)
{
  (void)argv;
#ifndef pthread_create
  return ((int*)(&pthread_create))[argc];
#else
  (void)argc;
  return 0;
#endif
}

